<?xml version="1.0" encoding="UTF-8"?>
<testsuite name="org.skan.WebTest" tests="2" skipped="0" failures="1" errors="0" timestamp="2022-10-06T11:13:25" hostname="BZangar-Macbook.local" time="18.469">
  <properties/>
  <testcase name="[1] Selenide, Selenide - это фреймворк для автоматизированного тестирования веб-приложений на основе Selenium WebDriver" classname="org.skan.WebTest" time="14.252">
    <failure message="List size mismatch: expected: = 10, actual: 8, collection: By.xpath: //div[@id='rso']/div&#10;Elements: [&#10;&#9;&lt;div class=&quot;MjjYud&quot;&gt;Веб-результат со ссылками на сайт&#10;&#10;Selenide: лаконичные и стабильные UI тесты на Java&#10;https://ru.selenide.org&#10;Selenide - это фреймворк для автоматизированного тестирования веб-приложений на основе Selenium WebDriver, дающий следующие преимущества:.&#10;С чего начать?&#10;Для пользователей Maven: ; &lt;dependency&gt; &lt;groupId ...&#10;Док&#10;open(&quot;/login&quot;); $(&quot;#submit&quot;).click(); $(&quot;.message&quot;).shouldHave ...&#10;Здесь&#10;Да, есть и другие “обёртки” для Selenium webdriver. Но нам ...&#10;ЧАВО&#10;Да, Selenide поддерживает Selenium Grid. Просто ...&#10;Другие результаты с сайта selenide.org »&lt;/div&gt;,&#10;&#9;&lt;div class=&quot;MjjYud&quot;&gt;Selenide: concise UI tests in Java&#10;https://selenide.org&#10;Перевести эту страницу&#10;Selenide is a framework for test automation powered by Selenium WebDriver that brings the following advantages: ... You don't need to think how to shut down ...&lt;/div&gt;,&#10;&#9;&lt;div class=&quot;hlcw0c&quot;&gt;Эффективные UI-тесты на Selenide - Habr&#10;https://habr.com › post&#10;25 дек. 2015 г. — Selenide — это библиотека для написания лаконичных и стабильных UI тестов с открытым исходным кодом. Selenide — идеальный выбор для ...&#10;&#10;Selenide vs Selenium — подробное сравнение - Habr&#10;https://habr.com › company › otus › blog&#10;16 февр. 2022 г. — Selenide — это автоматизированная система тестирования программного обеспечения, используемая для написания программных кодов, которая помогает ...&lt;/div&gt;,&#10;&#9;&lt;div class=&quot;ULSxyf&quot;&gt;Похожие запросы&#10;Для чего нужен Selenoid?&#10;&#10;Чем отличается selenium от Selenide?&#10;&#10;Для чего используется Selenium?&#10;&#10;Зачем нужен TestNG?&#10;&#10;Оставить отзыв&lt;/div&gt;,&#10;&#9;&lt;div class=&quot;ULSxyf&quot;&gt;Картинки по запросу Selenide&#10;Фильтры с инструкциями&#10;Фильтр: функция&#10;selenoid&#10;java&#10;codeborne selenide&#10;test automation&#10;Видео&#10;Показать все&#10;Отзыв&#10;Показать все&lt;/div&gt;,&#10;&#9;&lt;div class=&quot;MjjYud&quot;&gt;Selenide - Concise UI Tests with Java! - GitHub&#10;https://github.com › selenide&#10;Перевести эту страницу&#10;Selenide is a framework for writing easy-to-read and easy-to-maintain automated tests in Java. It defines concise fluent API, natural language assertions ...&lt;/div&gt;,&#10;&#9;&lt;div class=&quot;MjjYud&quot;&gt;Selenide: тестирование c Selenium на Java - Skillbox&#10;https://skillbox.ru › course › selenide&#10;Онлайн-курс «Selenide» — Skillbox: стань автоматизатором UI-тестов на Selenide (библиотека на базе Selenium WebDriver). Курс ведёт: Алексей Виноградов ...&lt;/div&gt;,&#10;&#9;&lt;div class=&quot;hlcw0c&quot;&gt;Selenide: A Java-Based Automation Framework Overview&#10;https://testguild.com › selenide&#10;Перевести эту страницу&#10;6 июл. 2022 г. — Selenide supports Angular, React, and jQuery. How Selenide works is that it has additional, Angular-specific locators you can use. So instead of ...&lt;/div&gt;&#10;]&#10;Screenshot: file:/Users/bzangar/Documents/IdeaProjects/qa_guru/qa_guru_15_junit/build/reports/tests/1665054819454.0.png&#10;Page source: file:/Users/bzangar/Documents/IdeaProjects/qa_guru/qa_guru_15_junit/build/reports/tests/1665054819454.0.html&#10;Timeout: 4 s." type="com.codeborne.selenide.ex.ListSizeMismatch">List size mismatch: expected: = 10, actual: 8, collection: By.xpath: //div[@id='rso']/div
Elements: [
	&lt;div class=&quot;MjjYud&quot;&gt;Веб-результат со ссылками на сайт

Selenide: лаконичные и стабильные UI тесты на Java
https://ru.selenide.org
Selenide - это фреймворк для автоматизированного тестирования веб-приложений на основе Selenium WebDriver, дающий следующие преимущества:.
С чего начать?
Для пользователей Maven: ; &lt;dependency&gt; &lt;groupId ...
Док
open(&quot;/login&quot;); $(&quot;#submit&quot;).click(); $(&quot;.message&quot;).shouldHave ...
Здесь
Да, есть и другие “обёртки” для Selenium webdriver. Но нам ...
ЧАВО
Да, Selenide поддерживает Selenium Grid. Просто ...
Другие результаты с сайта selenide.org »&lt;/div&gt;,
	&lt;div class=&quot;MjjYud&quot;&gt;Selenide: concise UI tests in Java
https://selenide.org
Перевести эту страницу
Selenide is a framework for test automation powered by Selenium WebDriver that brings the following advantages: ... You don't need to think how to shut down ...&lt;/div&gt;,
	&lt;div class=&quot;hlcw0c&quot;&gt;Эффективные UI-тесты на Selenide - Habr
https://habr.com › post
25 дек. 2015 г. — Selenide — это библиотека для написания лаконичных и стабильных UI тестов с открытым исходным кодом. Selenide — идеальный выбор для ...

Selenide vs Selenium — подробное сравнение - Habr
https://habr.com › company › otus › blog
16 февр. 2022 г. — Selenide — это автоматизированная система тестирования программного обеспечения, используемая для написания программных кодов, которая помогает ...&lt;/div&gt;,
	&lt;div class=&quot;ULSxyf&quot;&gt;Похожие запросы
Для чего нужен Selenoid?

Чем отличается selenium от Selenide?

Для чего используется Selenium?

Зачем нужен TestNG?

Оставить отзыв&lt;/div&gt;,
	&lt;div class=&quot;ULSxyf&quot;&gt;Картинки по запросу Selenide
Фильтры с инструкциями
Фильтр: функция
selenoid
java
codeborne selenide
test automation
Видео
Показать все
Отзыв
Показать все&lt;/div&gt;,
	&lt;div class=&quot;MjjYud&quot;&gt;Selenide - Concise UI Tests with Java! - GitHub
https://github.com › selenide
Перевести эту страницу
Selenide is a framework for writing easy-to-read and easy-to-maintain automated tests in Java. It defines concise fluent API, natural language assertions ...&lt;/div&gt;,
	&lt;div class=&quot;MjjYud&quot;&gt;Selenide: тестирование c Selenium на Java - Skillbox
https://skillbox.ru › course › selenide
Онлайн-курс «Selenide» — Skillbox: стань автоматизатором UI-тестов на Selenide (библиотека на базе Selenium WebDriver). Курс ведёт: Алексей Виноградов ...&lt;/div&gt;,
	&lt;div class=&quot;hlcw0c&quot;&gt;Selenide: A Java-Based Automation Framework Overview
https://testguild.com › selenide
Перевести эту страницу
6 июл. 2022 г. — Selenide supports Angular, React, and jQuery. How Selenide works is that it has additional, Angular-specific locators you can use. So instead of ...&lt;/div&gt;
]
Screenshot: file:/Users/bzangar/Documents/IdeaProjects/qa_guru/qa_guru_15_junit/build/reports/tests/1665054819454.0.png
Page source: file:/Users/bzangar/Documents/IdeaProjects/qa_guru/qa_guru_15_junit/build/reports/tests/1665054819454.0.html
Timeout: 4 s.
	at app//com.codeborne.selenide.collections.ListSize.fail(ListSize.java:32)
	at app//com.codeborne.selenide.ElementsCollection.waitUntil(ElementsCollection.java:198)
	at app//com.codeborne.selenide.ElementsCollection.should(ElementsCollection.java:143)
	at app//com.codeborne.selenide.ElementsCollection.shouldHave(ElementsCollection.java:117)
	at app//org.skan.WebTest.googleSearchCommonTestDifferentExpectedText(WebTest.java:34)
	at java.base@17.0.3.1/jdk.internal.reflect.NativeMethodAccessorImpl.invoke0(Native Method)
	at java.base@17.0.3.1/jdk.internal.reflect.NativeMethodAccessorImpl.invoke(NativeMethodAccessorImpl.java:77)
	at java.base@17.0.3.1/jdk.internal.reflect.DelegatingMethodAccessorImpl.invoke(DelegatingMethodAccessorImpl.java:43)
	at java.base@17.0.3.1/java.lang.reflect.Method.invoke(Method.java:568)
	at app//org.junit.platform.commons.util.ReflectionUtils.invokeMethod(ReflectionUtils.java:727)
	at app//org.junit.jupiter.engine.execution.MethodInvocation.proceed(MethodInvocation.java:60)
	at app//org.junit.jupiter.engine.execution.InvocationInterceptorChain$ValidatingInvocation.proceed(InvocationInterceptorChain.java:131)
	at app//org.junit.jupiter.engine.extension.TimeoutExtension.intercept(TimeoutExtension.java:156)
	at app//org.junit.jupiter.engine.extension.TimeoutExtension.interceptTestableMethod(TimeoutExtension.java:147)
	at app//org.junit.jupiter.engine.extension.TimeoutExtension.interceptTestTemplateMethod(TimeoutExtension.java:94)
	at app//org.junit.jupiter.engine.execution.InterceptingExecutableInvoker$ReflectiveInterceptorCall.lambda$ofVoidMethod$0(InterceptingExecutableInvoker.java:103)
	at app//org.junit.jupiter.engine.execution.InterceptingExecutableInvoker.lambda$invoke$0(InterceptingExecutableInvoker.java:93)
	at app//org.junit.jupiter.engine.execution.InvocationInterceptorChain$InterceptedInvocation.proceed(InvocationInterceptorChain.java:106)
	at app//org.junit.jupiter.engine.execution.InvocationInterceptorChain.proceed(InvocationInterceptorChain.java:64)
	at app//org.junit.jupiter.engine.execution.InvocationInterceptorChain.chainAndInvoke(InvocationInterceptorChain.java:45)
	at app//org.junit.jupiter.engine.execution.InvocationInterceptorChain.invoke(InvocationInterceptorChain.java:37)
	at app//org.junit.jupiter.engine.execution.InterceptingExecutableInvoker.invoke(InterceptingExecutableInvoker.java:92)
	at app//org.junit.jupiter.engine.execution.InterceptingExecutableInvoker.invoke(InterceptingExecutableInvoker.java:86)
	at app//org.junit.jupiter.engine.descriptor.TestMethodTestDescriptor.lambda$invokeTestMethod$7(TestMethodTestDescriptor.java:217)
	at app//org.junit.platform.engine.support.hierarchical.ThrowableCollector.execute(ThrowableCollector.java:73)
	at app//org.junit.jupiter.engine.descriptor.TestMethodTestDescriptor.invokeTestMethod(TestMethodTestDescriptor.java:213)
	at app//org.junit.jupiter.engine.descriptor.TestMethodTestDescriptor.execute(TestMethodTestDescriptor.java:138)
	at app//org.junit.jupiter.engine.descriptor.TestMethodTestDescriptor.execute(TestMethodTestDescriptor.java:68)
	at app//org.junit.platform.engine.support.hierarchical.NodeTestTask.lambda$executeRecursively$6(NodeTestTask.java:151)
	at app//org.junit.platform.engine.support.hierarchical.ThrowableCollector.execute(ThrowableCollector.java:73)
	at app//org.junit.platform.engine.support.hierarchical.NodeTestTask.lambda$executeRecursively$8(NodeTestTask.java:141)
	at app//org.junit.platform.engine.support.hierarchical.Node.around(Node.java:137)
	at app//org.junit.platform.engine.support.hierarchical.NodeTestTask.lambda$executeRecursively$9(NodeTestTask.java:139)
	at app//org.junit.platform.engine.support.hierarchical.ThrowableCollector.execute(ThrowableCollector.java:73)
	at app//org.junit.platform.engine.support.hierarchical.NodeTestTask.executeRecursively(NodeTestTask.java:138)
	at app//org.junit.platform.engine.support.hierarchical.NodeTestTask.execute(NodeTestTask.java:95)
	at app//org.junit.platform.engine.support.hierarchical.SameThreadHierarchicalTestExecutorService.submit(SameThreadHierarchicalTestExecutorService.java:35)
	at app//org.junit.platform.engine.support.hierarchical.NodeTestTask$DefaultDynamicTestExecutor.execute(NodeTestTask.java:226)
	at app//org.junit.platform.engine.support.hierarchical.NodeTestTask$DefaultDynamicTestExecutor.execute(NodeTestTask.java:204)
	at app//org.junit.jupiter.engine.descriptor.TestTemplateTestDescriptor.execute(TestTemplateTestDescriptor.java:142)
	at app//org.junit.jupiter.engine.descriptor.TestTemplateTestDescriptor.lambda$execute$2(TestTemplateTestDescriptor.java:110)
	at java.base@17.0.3.1/java.util.stream.ForEachOps$ForEachOp$OfRef.accept(ForEachOps.java:183)
	at java.base@17.0.3.1/java.util.stream.ReferencePipeline$3$1.accept(ReferencePipeline.java:197)
	at java.base@17.0.3.1/java.util.stream.ReferencePipeline$2$1.accept(ReferencePipeline.java:179)
	at java.base@17.0.3.1/java.util.stream.ReferencePipeline$3$1.accept(ReferencePipeline.java:197)
	at java.base@17.0.3.1/java.util.stream.ForEachOps$ForEachOp$OfRef.accept(ForEachOps.java:183)
	at java.base@17.0.3.1/java.util.stream.ReferencePipeline$3$1.accept(ReferencePipeline.java:197)
	at java.base@17.0.3.1/java.util.stream.ReferencePipeline$3$1.accept(ReferencePipeline.java:197)
	at java.base@17.0.3.1/java.util.stream.ReferencePipeline$3$1.accept(ReferencePipeline.java:197)
	at java.base@17.0.3.1/java.util.ArrayList$ArrayListSpliterator.forEachRemaining(ArrayList.java:1625)
	at java.base@17.0.3.1/java.util.stream.ReferencePipeline$Head.forEach(ReferencePipeline.java:762)
	at java.base@17.0.3.1/java.util.stream.ReferencePipeline$7$1.accept(ReferencePipeline.java:276)
	at java.base@17.0.3.1/java.util.stream.ReferencePipeline$3$1.accept(ReferencePipeline.java:197)
	at java.base@17.0.3.1/java.util.stream.ReferencePipeline$3$1.accept(ReferencePipeline.java:197)
	at java.base@17.0.3.1/java.util.stream.ReferencePipeline$3$1.accept(ReferencePipeline.java:197)
	at java.base@17.0.3.1/java.util.ArrayList$ArrayListSpliterator.forEachRemaining(ArrayList.java:1625)
	at java.base@17.0.3.1/java.util.stream.AbstractPipeline.copyInto(AbstractPipeline.java:509)
	at java.base@17.0.3.1/java.util.stream.AbstractPipeline.wrapAndCopyInto(AbstractPipeline.java:499)
	at java.base@17.0.3.1/java.util.stream.ForEachOps$ForEachOp.evaluateSequential(ForEachOps.java:150)
	at java.base@17.0.3.1/java.util.stream.ForEachOps$ForEachOp$OfRef.evaluateSequential(ForEachOps.java:173)
	at java.base@17.0.3.1/java.util.stream.AbstractPipeline.evaluate(AbstractPipeline.java:234)
	at java.base@17.0.3.1/java.util.stream.ReferencePipeline.forEach(ReferencePipeline.java:596)
	at java.base@17.0.3.1/java.util.stream.ReferencePipeline$7$1.accept(ReferencePipeline.java:276)
	at java.base@17.0.3.1/java.util.ArrayList$ArrayListSpliterator.forEachRemaining(ArrayList.java:1625)
	at java.base@17.0.3.1/java.util.stream.AbstractPipeline.copyInto(AbstractPipeline.java:509)
	at java.base@17.0.3.1/java.util.stream.AbstractPipeline.wrapAndCopyInto(AbstractPipeline.java:499)
	at java.base@17.0.3.1/java.util.stream.ForEachOps$ForEachOp.evaluateSequential(ForEachOps.java:150)
	at java.base@17.0.3.1/java.util.stream.ForEachOps$ForEachOp$OfRef.evaluateSequential(ForEachOps.java:173)
	at java.base@17.0.3.1/java.util.stream.AbstractPipeline.evaluate(AbstractPipeline.java:234)
	at java.base@17.0.3.1/java.util.stream.ReferencePipeline.forEach(ReferencePipeline.java:596)
	at app//org.junit.jupiter.engine.descriptor.TestTemplateTestDescriptor.execute(TestTemplateTestDescriptor.java:110)
	at app//org.junit.jupiter.engine.descriptor.TestTemplateTestDescriptor.execute(TestTemplateTestDescriptor.java:44)
	at app//org.junit.platform.engine.support.hierarchical.NodeTestTask.lambda$executeRecursively$6(NodeTestTask.java:151)
	at app//org.junit.platform.engine.support.hierarchical.ThrowableCollector.execute(ThrowableCollector.java:73)
	at app//org.junit.platform.engine.support.hierarchical.NodeTestTask.lambda$executeRecursively$8(NodeTestTask.java:141)
	at app//org.junit.platform.engine.support.hierarchical.Node.around(Node.java:137)
	at app//org.junit.platform.engine.support.hierarchical.NodeTestTask.lambda$executeRecursively$9(NodeTestTask.java:139)
	at app//org.junit.platform.engine.support.hierarchical.ThrowableCollector.execute(ThrowableCollector.java:73)
	at app//org.junit.platform.engine.support.hierarchical.NodeTestTask.executeRecursively(NodeTestTask.java:138)
	at app//org.junit.platform.engine.support.hierarchical.NodeTestTask.execute(NodeTestTask.java:95)
	at java.base@17.0.3.1/java.util.ArrayList.forEach(ArrayList.java:1511)
	at app//org.junit.platform.engine.support.hierarchical.SameThreadHierarchicalTestExecutorService.invokeAll(SameThreadHierarchicalTestExecutorService.java:41)
	at app//org.junit.platform.engine.support.hierarchical.NodeTestTask.lambda$executeRecursively$6(NodeTestTask.java:155)
	at app//org.junit.platform.engine.support.hierarchical.ThrowableCollector.execute(ThrowableCollector.java:73)
	at app//org.junit.platform.engine.support.hierarchical.NodeTestTask.lambda$executeRecursively$8(NodeTestTask.java:141)
	at app//org.junit.platform.engine.support.hierarchical.Node.around(Node.java:137)
	at app//org.junit.platform.engine.support.hierarchical.NodeTestTask.lambda$executeRecursively$9(NodeTestTask.java:139)
	at app//org.junit.platform.engine.support.hierarchical.ThrowableCollector.execute(ThrowableCollector.java:73)
	at app//org.junit.platform.engine.support.hierarchical.NodeTestTask.executeRecursively(NodeTestTask.java:138)
	at app//org.junit.platform.engine.support.hierarchical.NodeTestTask.execute(NodeTestTask.java:95)
	at java.base@17.0.3.1/java.util.ArrayList.forEach(ArrayList.java:1511)
	at app//org.junit.platform.engine.support.hierarchical.SameThreadHierarchicalTestExecutorService.invokeAll(SameThreadHierarchicalTestExecutorService.java:41)
	at app//org.junit.platform.engine.support.hierarchical.NodeTestTask.lambda$executeRecursively$6(NodeTestTask.java:155)
	at app//org.junit.platform.engine.support.hierarchical.ThrowableCollector.execute(ThrowableCollector.java:73)
	at app//org.junit.platform.engine.support.hierarchical.NodeTestTask.lambda$executeRecursively$8(NodeTestTask.java:141)
	at app//org.junit.platform.engine.support.hierarchical.Node.around(Node.java:137)
	at app//org.junit.platform.engine.support.hierarchical.NodeTestTask.lambda$executeRecursively$9(NodeTestTask.java:139)
	at app//org.junit.platform.engine.support.hierarchical.ThrowableCollector.execute(ThrowableCollector.java:73)
	at app//org.junit.platform.engine.support.hierarchical.NodeTestTask.executeRecursively(NodeTestTask.java:138)
	at app//org.junit.platform.engine.support.hierarchical.NodeTestTask.execute(NodeTestTask.java:95)
	at app//org.junit.platform.engine.support.hierarchical.SameThreadHierarchicalTestExecutorService.submit(SameThreadHierarchicalTestExecutorService.java:35)
	at app//org.junit.platform.engine.support.hierarchical.HierarchicalTestExecutor.execute(HierarchicalTestExecutor.java:57)
	at app//org.junit.platform.engine.support.hierarchical.HierarchicalTestEngine.execute(HierarchicalTestEngine.java:54)
	at org.junit.platform.launcher.core.EngineExecutionOrchestrator.execute(EngineExecutionOrchestrator.java:108)
	at org.junit.platform.launcher.core.EngineExecutionOrchestrator.execute(EngineExecutionOrchestrator.java:88)
	at org.junit.platform.launcher.core.EngineExecutionOrchestrator.lambda$execute$0(EngineExecutionOrchestrator.java:54)
	at org.junit.platform.launcher.core.EngineExecutionOrchestrator.withInterceptedStreams(EngineExecutionOrchestrator.java:67)
	at org.junit.platform.launcher.core.EngineExecutionOrchestrator.execute(EngineExecutionOrchestrator.java:52)
	at org.junit.platform.launcher.core.DefaultLauncher.execute(DefaultLauncher.java:96)
	at org.junit.platform.launcher.core.DefaultLauncher.execute(DefaultLauncher.java:75)
	at org.gradle.api.internal.tasks.testing.junitplatform.JUnitPlatformTestClassProcessor$CollectAllTestClassesExecutor.processAllTestClasses(JUnitPlatformTestClassProcessor.java:99)
	at org.gradle.api.internal.tasks.testing.junitplatform.JUnitPlatformTestClassProcessor$CollectAllTestClassesExecutor.access$000(JUnitPlatformTestClassProcessor.java:79)
	at org.gradle.api.internal.tasks.testing.junitplatform.JUnitPlatformTestClassProcessor.stop(JUnitPlatformTestClassProcessor.java:75)
	at org.gradle.api.internal.tasks.testing.SuiteTestClassProcessor.stop(SuiteTestClassProcessor.java:61)
	at java.base@17.0.3.1/jdk.internal.reflect.NativeMethodAccessorImpl.invoke0(Native Method)
	at java.base@17.0.3.1/jdk.internal.reflect.NativeMethodAccessorImpl.invoke(NativeMethodAccessorImpl.java:77)
	at java.base@17.0.3.1/jdk.internal.reflect.DelegatingMethodAccessorImpl.invoke(DelegatingMethodAccessorImpl.java:43)
	at java.base@17.0.3.1/java.lang.reflect.Method.invoke(Method.java:568)
	at org.gradle.internal.dispatch.ReflectionDispatch.dispatch(ReflectionDispatch.java:36)
	at org.gradle.internal.dispatch.ReflectionDispatch.dispatch(ReflectionDispatch.java:24)
	at org.gradle.internal.dispatch.ContextClassLoaderDispatch.dispatch(ContextClassLoaderDispatch.java:33)
	at org.gradle.internal.dispatch.ProxyDispatchAdapter$DispatchingInvocationHandler.invoke(ProxyDispatchAdapter.java:94)
	at jdk.proxy1/jdk.proxy1.$Proxy2.stop(Unknown Source)
	at org.gradle.api.internal.tasks.testing.worker.TestWorker$3.run(TestWorker.java:193)
	at org.gradle.api.internal.tasks.testing.worker.TestWorker.executeAndMaintainThreadName(TestWorker.java:129)
	at org.gradle.api.internal.tasks.testing.worker.TestWorker.execute(TestWorker.java:100)
	at org.gradle.api.internal.tasks.testing.worker.TestWorker.execute(TestWorker.java:60)
	at org.gradle.process.internal.worker.child.ActionExecutionWorker.execute(ActionExecutionWorker.java:56)
	at org.gradle.process.internal.worker.child.SystemApplicationClassLoaderWorker.call(SystemApplicationClassLoaderWorker.java:133)
	at org.gradle.process.internal.worker.child.SystemApplicationClassLoaderWorker.call(SystemApplicationClassLoaderWorker.java:71)
	at app//worker.org.gradle.process.internal.worker.GradleWorkerMain.run(GradleWorkerMain.java:69)
	at app//worker.org.gradle.process.internal.worker.GradleWorkerMain.main(GradleWorkerMain.java:74)
</failure>
  </testcase>
  <testcase name="[2] Junit, JUnit 5 is the next generation of JUnit. The goal is to create an up-to-date foundation for developer-side testing on the JVM" classname="org.skan.WebTest" time="4.217"/>
  <system-out><![CDATA[]]></system-out>
  <system-err><![CDATA[SLF4J: No SLF4J providers were found.
SLF4J: Defaulting to no-operation (NOP) logger implementation
SLF4J: See http://www.slf4j.org/codes.html#noProviders for further details.
Starting ChromeDriver 106.0.5249.61 (511755355844955cd3e264779baf0dd38212a4d0-refs/branch-heads/5249@{#569}) on port 62210
Only local connections are allowed.
Please see https://chromedriver.chromium.org/security-considerations for suggestions on keeping ChromeDriver safe.
ChromeDriver was started successfully.
окт. 06, 2022 5:13:28 PM org.openqa.selenium.remote.ProtocolHandshake createSession
INFO: Detected upstream dialect: W3C
окт. 06, 2022 5:13:28 PM org.openqa.selenium.devtools.CdpVersionFinder findNearestMatch
WARNING: Unable to find an exact match for CDP version 106, so returning the closest version found: 104
окт. 06, 2022 5:13:28 PM org.openqa.selenium.devtools.CdpVersionFinder findNearestMatch
INFO: Found CDP implementation for version 106 of 104
]]></system-err>
</testsuite>
